<?xml version="1.0" encoding="UTF-8"?>
<testsuite name="ee.icd0004.week7.WeatherTimeTest" tests="1" skipped="0" failures="0" errors="0" timestamp="2020-10-20T22:59:11" hostname="LAPTOP-LS4K6HHS" time="2.046">
  <properties/>
  <testcase name="shouldHaveMainDetailsBlockInWeatherReport" classname="ee.icd0004.week7.WeatherTimeTest" time="2.046"/>
  <system-out><![CDATA[]]></system-out>
  <system-err><![CDATA[]]></system-err>
</testsuite>
